SF:lib\models\internship.dart
DA:1,11
DA:9,3
DA:12,9
DA:13,6
DA:14,9
DA:15,3
DA:16,15
DA:37,4
DA:53,4
DA:54,4
DA:59,1
DA:60,2
DA:61,2
DA:62,2
DA:63,2
DA:64,2
DA:65,3
DA:66,3
DA:67,2
DA:68,3
DA:69,3
DA:72,6
DA:73,2
DA:74,4
DA:75,4
DA:76,4
DA:77,4
DA:78,4
DA:79,4
DA:80,4
DA:81,2
DA:83,2
DA:84,2
DA:87,2
DA:88,2
DA:89,4
DA:90,4
DA:91,4
DA:92,4
DA:93,4
DA:94,4
DA:95,4
DA:96,4
DA:97,6
DA:98,4
DA:102,3
DA:105,2
DA:106,6
DA:107,6
DA:108,6
DA:109,6
DA:110,6
DA:111,6
DA:112,6
DA:113,6
DA:114,6
DA:115,6
DA:116,6
DA:118,1
DA:120,3
DA:121,3
DA:122,3
DA:123,3
DA:124,3
DA:125,3
DA:126,3
DA:127,3
DA:128,3
DA:129,2
DA:131,1
DA:133,4
DA:134,2
DA:135,2
DA:136,2
DA:137,1
LF:75
LH:75
end_of_record
SF:lib\base_widgets\custom_elevated_button.dart
DA:7,4
DA:12,4
DA:14,4
DA:18,4
DA:19,4
DA:23,4
LF:6
LH:6
end_of_record
SF:lib\base_widgets\custom_snack_bar.dart
DA:9,1
DA:10,1
DA:12,1
DA:13,1
DA:15,0
LF:5
LH:4
end_of_record
SF:lib\base_widgets\main_drawer.dart
DA:16,2
DA:17,2
DA:19,2
DA:21,2
DA:22,2
DA:23,2
DA:24,2
DA:25,2
DA:26,2
DA:27,2
DA:28,2
DA:29,2
DA:30,2
DA:31,4
DA:36,2
DA:37,2
DA:39,2
DA:40,2
DA:43,2
DA:44,2
DA:48,2
DA:50,4
DA:52,6
DA:53,6
DA:65,8
DA:84,2
DA:88,6
DA:89,2
DA:92,4
DA:93,0
DA:94,2
DA:96,2
DA:104,6
DA:105,2
DA:110,2
DA:111,8
DA:112,2
DA:115,2
DA:116,4
DA:117,2
DA:118,2
DA:119,2
DA:122,2
LF:43
LH:42
end_of_record
SF:lib\pages\ongoing_internships_page.dart
DA:19,1
DA:21,1
DA:23,1
DA:24,1
DA:31,1
DA:33,2
DA:34,1
DA:35,4
DA:39,1
DA:43,1
DA:44,4
DA:45,1
DA:46,4
DA:49,1
DA:51,1
DA:53,1
DA:56,1
DA:58,1
DA:60,1
DA:63,1
DA:64,1
DA:65,1
DA:66,1
DA:67,2
DA:68,1
DA:69,2
DA:70,2
DA:72,1
DA:73,1
DA:79,1
DA:83,5
DA:84,1
DA:86,2
DA:87,1
DA:88,1
DA:98,1
DA:99,3
DA:103,1
DA:104,3
DA:109,1
DA:111,1
DA:113,1
DA:114,1
DA:118,3
DA:119,1
DA:120,2
DA:123,1
DA:124,1
DA:128,2
DA:134,1
DA:135,1
DA:137,3
DA:138,3
DA:139,2
DA:140,2
DA:142,0
DA:143,0
DA:145,0
DA:146,0
DA:150,1
DA:160,1
DA:161,2
DA:163,1
DA:165,1
DA:173,1
DA:175,2
DA:176,1
DA:179,1
LF:68
LH:64
end_of_record
SF:lib\base_widgets\theme_color.dart
DA:3,3
DA:6,3
DA:7,3
DA:8,9
DA:10,6
DA:11,6
DA:14,6
DA:16,3
DA:17,12
DA:18,15
DA:19,15
DA:20,15
DA:25,6
DA:29,2
DA:32,6
DA:34,2
DA:35,2
DA:36,12
DA:37,12
DA:38,12
LF:20
LH:20
end_of_record
SF:lib\pages\add_new_internship_page.dart
DA:16,2
DA:22,2
DA:30,1
DA:31,1
DA:34,2
DA:35,2
DA:36,2
DA:37,2
DA:41,2
DA:42,2
DA:45,2
DA:46,2
DA:47,4
DA:49,2
DA:52,2
DA:54,2
DA:55,2
DA:56,6
DA:57,2
DA:59,2
DA:60,2
DA:70,2
DA:71,6
DA:77,2
DA:78,2
DA:85,2
DA:86,1
DA:87,1
DA:88,1
DA:89,1
DA:91,2
DA:113,2
DA:124,2
DA:126,2
DA:128,2
DA:130,2
DA:131,2
DA:132,2
DA:133,2
DA:137,2
DA:140,1
DA:141,1
DA:145,1
DA:146,2
DA:151,2
DA:153,2
DA:155,2
DA:158,2
DA:162,2
DA:163,2
DA:186,2
DA:191,2
DA:193,2
DA:195,2
DA:197,2
DA:198,2
DA:202,2
DA:205,1
DA:230,2
DA:233,2
DA:234,4
DA:236,2
DA:238,2
DA:242,2
DA:243,1
DA:257,2
DA:259,2
DA:261,2
DA:262,2
DA:287,2
DA:289,2
DA:290,8
DA:292,8
DA:293,3
DA:295,2
DA:298,2
DA:300,2
DA:301,4
DA:302,4
DA:303,4
DA:304,4
DA:305,4
DA:308,2
DA:311,2
DA:312,2
DA:313,4
DA:314,4
DA:315,4
DA:316,2
DA:317,4
DA:318,2
DA:319,4
DA:320,4
DA:321,3
DA:326,2
DA:328,2
DA:331,0
DA:332,2
DA:333,2
DA:334,2
DA:338,2
DA:339,2
DA:341,2
DA:342,2
DA:343,2
DA:344,2
DA:345,2
DA:347,2
DA:348,2
DA:350,2
DA:352,2
DA:353,2
DA:357,2
DA:359,2
DA:360,2
DA:364,2
DA:369,3
DA:370,2
DA:371,3
DA:373,2
DA:375,2
DA:380,2
DA:382,2
DA:383,2
DA:384,1
DA:386,3
DA:387,2
DA:389,1
DA:390,1
DA:391,2
DA:394,2
DA:395,2
DA:399,2
DA:401,2
DA:402,2
DA:403,1
DA:404,3
DA:406,4
DA:408,4
DA:409,1
DA:415,1
DA:416,3
DA:417,2
DA:419,1
DA:420,1
DA:421,2
DA:424,2
DA:425,2
DA:429,2
DA:431,4
DA:432,2
DA:433,2
DA:436,2
DA:438,2
DA:440,4
DA:441,1
DA:442,3
DA:443,3
DA:444,1
DA:445,2
DA:446,2
DA:447,2
DA:448,2
DA:449,1
DA:450,3
DA:451,1
DA:452,3
DA:453,2
DA:454,1
DA:458,1
DA:461,0
DA:463,0
DA:464,0
DA:465,0
DA:468,0
DA:469,0
DA:470,0
DA:471,0
DA:474,0
DA:475,0
DA:478,3
DA:479,1
DA:483,3
DA:486,2
DA:487,2
DA:488,2
DA:489,2
DA:490,2
DA:491,2
DA:492,1
DA:493,1
DA:494,1
DA:496,1
DA:497,0
DA:498,0
DA:502,2
DA:503,1
LF:197
LH:184
end_of_record
SF:lib\models\user.dart
DA:9,6
DA:11,4
DA:12,4
DA:13,8
DA:15,2
DA:16,4
DA:17,4
DA:18,4
DA:21,6
DA:22,6
DA:25,4
DA:27,12
DA:28,4
DA:29,12
DA:30,4
DA:31,8
DA:32,4
DA:33,4
DA:36,1
DA:37,1
DA:38,2
DA:39,2
DA:40,2
DA:44,4
DA:46,4
DA:47,12
DA:48,12
DA:49,12
DA:52,1
DA:53,8
DA:59,12
DA:60,4
DA:66,6
DA:67,4
LF:34
LH:34
end_of_record
SF:lib\base_widgets\user_input_row.dart
DA:13,4
DA:20,4
DA:22,4
DA:23,4
DA:27,4
DA:29,4
DA:30,4
DA:31,20
DA:32,4
DA:33,4
DA:36,4
DA:37,4
DA:39,8
DA:41,8
DA:42,8
DA:43,4
DA:45,8
LF:17
LH:17
end_of_record
SF:lib\dao\base_dao.dart
DA:8,3
DA:18,1
DA:20,3
LF:3
LH:3
end_of_record
SF:lib\exceptions\user_already_exists.dart
DA:2,2
LF:1
LH:1
end_of_record
SF:lib\main.dart
DA:14,5
DA:16,3
DA:20,6
DA:22,3
DA:24,3
DA:25,6
DA:28,3
DA:31,3
DA:32,3
DA:36,6
DA:37,1
DA:38,1
DA:40,1
DA:41,0
DA:42,0
DA:43,1
DA:44,3
DA:47,1
DA:48,1
DA:49,3
DA:53,3
DA:54,1
DA:55,2
LF:23
LH:21
end_of_record
SF:lib\pages\create_user_profile_page.dart
DA:8,8
DA:10,1
DA:13,3
DA:14,1
DA:15,1
DA:17,1
DA:18,1
DA:20,1
DA:23,1
DA:24,1
LF:10
LH:10
end_of_record
SF:lib\pages\internships_main_page.dart
DA:9,9
DA:11,3
DA:14,9
DA:15,3
DA:16,3
DA:18,3
DA:19,3
DA:21,3
DA:25,3
DA:26,3
LF:10
LH:10
end_of_record
SF:lib\pages\login_page.dart
DA:8,8
DA:10,4
DA:14,4
DA:16,4
DA:19,4
DA:20,4
DA:22,4
DA:24,4
DA:25,4
DA:56,4
DA:57,4
DA:59,8
DA:60,8
LF:13
LH:13
end_of_record
SF:lib\services\user_service.dart
DA:13,2
DA:15,1
DA:19,3
DA:23,2
DA:24,2
DA:25,3
DA:26,1
DA:29,1
DA:32,1
DA:35,2
DA:36,2
DA:38,2
DA:43,1
DA:46,3
DA:50,2
DA:51,2
DA:52,2
DA:53,1
DA:56,1
DA:59,1
DA:62,1
DA:66,2
DA:67,1
DA:69,3
DA:73,2
DA:74,2
DA:75,3
DA:76,1
DA:79,1
DA:83,2
DA:87,1
DA:90,3
DA:93,2
DA:94,4
DA:95,1
DA:98,1
LF:36
LH:36
end_of_record
SF:lib\services\internship_service.dart
DA:13,2
DA:15,1
DA:18,3
DA:22,2
DA:23,2
DA:25,3
DA:26,1
DA:29,1
DA:32,2
DA:35,1
DA:39,3
DA:43,2
DA:45,2
DA:46,1
DA:49,1
DA:52,2
DA:55,1
DA:58,3
DA:61,1
DA:62,3
DA:63,1
DA:66,1
DA:70,1
DA:73,3
DA:76,4
DA:77,2
DA:78,2
DA:83,1
DA:86,1
LF:29
LH:29
end_of_record
SF:lib\pages\login_tab.dart
DA:16,4
DA:17,4
DA:19,4
DA:20,4
DA:28,4
DA:30,4
DA:31,8
DA:32,8
DA:33,8
DA:34,4
DA:35,4
DA:36,4
DA:37,8
DA:38,8
DA:41,4
DA:45,4
DA:46,4
DA:48,4
DA:50,0
DA:51,0
DA:53,4
DA:56,4
DA:57,4
DA:59,4
DA:60,4
DA:64,12
DA:65,4
DA:66,12
DA:80,4
DA:81,4
DA:84,4
DA:86,4
DA:92,4
DA:93,4
DA:99,4
DA:105,4
DA:106,4
DA:112,4
DA:114,4
DA:115,4
DA:116,3
DA:117,9
DA:120,6
DA:121,6
DA:122,6
DA:126,6
DA:128,3
DA:133,4
DA:141,4
DA:142,1
DA:143,3
DA:146,2
DA:147,2
DA:148,2
DA:152,2
DA:154,1
DA:159,4
LF:57
LH:55
end_of_record
SF:lib\services\auth_service.dart
DA:19,4
DA:31,3
DA:34,3
DA:35,6
DA:39,3
DA:43,18
DA:46,1
DA:47,3
DA:53,6
DA:54,6
DA:56,18
DA:60,1
DA:65,1
DA:71,4
DA:72,1
DA:73,3
DA:79,3
DA:81,1
DA:82,2
DA:83,3
DA:89,3
DA:94,3
DA:100,9
DA:103,1
DA:104,3
LF:25
LH:25
end_of_record
